<?xml version="1.0" encoding="UTF-8"?>
<!-- Generated by org.testng.reporters.JUnitXMLReporter -->
<testsuite hostname="User-PC" name="Command line test" tests="7" failures="0" timestamp="23 May 2016 22:54:39 GMT" time="97.5" errors="0">
  <testcase name="ChangeSettings" time="6.253" classname="Test.AutoTests"/>
  <testcase name="Comparison" time="15.048" classname="Test.AutoTests"/>
  <testcase name="SearchProduct" time="12.576" classname="Test.AutoTests"/>
  <testcase name="SearchSecond" time="5.69" classname="Test.AutoTests"/>
  <testcase name="changePassorwd" time="11.616" classname="Test.AutoTests"/>
  <testcase name="logInSecond" time="9.935" classname="Test.AutoTests"/>
  <testcase name="logOutSecond" time="13.209" classname="Test.AutoTests"/>
</testsuite> <!-- Command line test -->
